<?xml version="1.0" encoding="UTF-8"?>
<!-- Generated by org.testng.reporters.JUnitReportReporter -->
<testsuite skipped="0" hostname="Sachin-Sharma" name="com.qa.trcrm.tests.HomePageTest2" tests="3" failures="0" timestamp="12 Mar 2022 17:06:54 GMT" time="0.203" errors="0">
  <testcase name="verifyHomePageTitleTest" time="0.029" classname="com.qa.trcrm.tests.HomePageTest2"/>
  <testcase name="verifyHomePageHeaderTest" time="0.139" classname="com.qa.trcrm.tests.HomePageTest2"/>
  <testcase name="verifyLoggedInUserTest" time="0.035" classname="com.qa.trcrm.tests.HomePageTest2"/>
</testsuite> <!-- com.qa.trcrm.tests.HomePageTest2 -->
