<?xml version="1.0" encoding="UTF-8"?>
<!-- Generated by org.testng.reporters.JUnitReportReporter -->
<testsuite skipped="0" hostname="Sachin-Sharma" name="com.qa.trcrm.tests.LoginPageTest" tests="3" failures="0" timestamp="14 Mar 2022 15:43:36 GMT" time="11.814" errors="0">
  <testcase name="verifyLoginPageTitleTest" time="0.282" classname="com.qa.trcrm.tests.LoginPageTest"/>
  <testcase name="verifySignUpLinkTest" time="0.192" classname="com.qa.trcrm.tests.LoginPageTest"/>
  <testcase name="loginTest" time="11.340" classname="com.qa.trcrm.tests.LoginPageTest"/>
</testsuite> <!-- com.qa.trcrm.tests.LoginPageTest -->
