<?xml version="1.0" encoding="UTF-8"?>
<!-- Generated by org.testng.reporters.JUnitReportReporter -->
<testsuite skipped="0" hostname="Sachin-Sharma" name="com.qa.trcrm.tests.LoginPageTest" tests="3" failures="0" timestamp="14 Mar 2022 15:34:41 GMT" time="13.544" errors="0">
  <testcase name="verifyLoginPageTitleTest" time="0.185" classname="com.qa.trcrm.tests.LoginPageTest"/>
  <testcase name="verifySignUpLinkTest" time="0.178" classname="com.qa.trcrm.tests.LoginPageTest"/>
  <testcase name="loginTest" time="13.181" classname="com.qa.trcrm.tests.LoginPageTest"/>
</testsuite> <!-- com.qa.trcrm.tests.LoginPageTest -->
